<?xml version="1.0" encoding="UTF-8" ?>
<testsuite failures="0" time="0.014" errors="0" skipped="0" tests="1" name="gryczko.jaroslaw.tests.TestMysqlTest">
  <properties>
    <property name="java.runtime.name" value="Java(TM) SE Runtime Environment"/>
    <property name="sun.boot.library.path" value="C:\Program Files\Java\jdk1.6.0_23\jre\bin"/>
    <property name="java.vm.version" value="19.0-b09"/>
    <property name="java.vm.vendor" value="Sun Microsystems Inc."/>
    <property name="java.vendor.url" value="http://java.sun.com/"/>
    <property name="path.separator" value=";"/>
    <property name="java.vm.name" value="Java HotSpot(TM) 64-Bit Server VM"/>
    <property name="file.encoding.pkg" value="sun.io"/>
    <property name="user.country" value="PL"/>
    <property name="sun.java.launcher" value="SUN_STANDARD"/>
    <property name="sun.os.patch.level" value=""/>
    <property name="java.vm.specification.name" value="Java Virtual Machine Specification"/>
    <property name="user.dir" value="C:\Users\Jarek\Desktop\Game Area"/>
    <property name="java.runtime.version" value="1.6.0_23-b05"/>
    <property name="java.awt.graphicsenv" value="sun.awt.Win32GraphicsEnvironment"/>
    <property name="basedir" value="C:\Users\Jarek\Desktop\Game Area"/>
    <property name="java.endorsed.dirs" value="C:\Program Files\Java\jdk1.6.0_23\jre\lib\endorsed"/>
    <property name="os.arch" value="amd64"/>
    <property name="surefire.real.class.path" value="C:\Users\Jarek\AppData\Local\Temp\surefirebooter4015560913331078798.jar"/>
    <property name="java.io.tmpdir" value="C:\Users\Jarek\AppData\Local\Temp\"/>
    <property name="line.separator" value="
"/>
    <property name="java.vm.specification.vendor" value="Sun Microsystems Inc."/>
    <property name="user.variant" value=""/>
    <property name="os.name" value="Windows 7"/>
    <property name="sun.jnu.encoding" value="Cp1250"/>
    <property name="java.library.path" value="C:\Program Files\Java\jdk1.6.0_23\jre\bin;.;C:\Windows\Sun\Java\bin;C:\Windows\system32;C:\Windows;C:\Windows\system32;C:\Windows;C:\Windows\System32\Wbem;C:\Program Files\Java\jdk1.6.0_23\bin;C:\Jarek\programy\eclipse\apache-maven-2.0.11\bin"/>
    <property name="surefire.test.class.path" value="C:\Users\Jarek\Desktop\Game Area\target\test-classes;C:\Users\Jarek\Desktop\Game Area\target\classes;C:\Users\Jarek\.m2\repository\javax\enterprise\cdi-api\1.0\cdi-api-1.0.jar;C:\Users\Jarek\.m2\repository\org\jboss\interceptor\jboss-interceptor-api\1.1\jboss-interceptor-api-1.1.jar;C:\Users\Jarek\.m2\repository\javax\annotation\jsr250-api\1.0\jsr250-api-1.0.jar;C:\Users\Jarek\.m2\repository\javax\inject\javax.inject\1\javax.inject-1.jar;C:\Users\Jarek\.m2\repository\javax\faces\jsf-api\2.0.0-RC\jsf-api-2.0.0-RC.jar;C:\Users\Jarek\.m2\repository\junit\junit\4.8.2\junit-4.8.2.jar;C:\Users\Jarek\.m2\repository\javax\faces\jsf-impl\2.0.0-RC\jsf-impl-2.0.0-RC.jar;C:\Users\Jarek\.m2\repository\org\jboss\weld\servlet\weld-servlet\1.1.0.Beta1\weld-servlet-1.1.0.Beta1.jar;C:\Users\Jarek\.m2\repository\org\glassfish\web\el-impl\2.1.2-b04\el-impl-2.1.2-b04.jar;C:\Users\Jarek\.m2\repository\javax\validation\validation-api\1.0.0.GA\validation-api-1.0.0.GA.jar;C:\Users\Jarek\.m2\repository\org\hibernate\hibernate-validator\4.0.0.GA\hibernate-validator-4.0.0.GA.jar;C:\Users\Jarek\.m2\repository\org\slf4j\slf4j-api\1.5.9.RC1\slf4j-api-1.5.9.RC1.jar;C:\Users\Jarek\.m2\repository\javax\xml\bind\jaxb-api\2.1\jaxb-api-2.1.jar;C:\Users\Jarek\.m2\repository\javax\xml\stream\stax-api\1.0-2\stax-api-1.0-2.jar;C:\Users\Jarek\.m2\repository\javax\activation\activation\1.1.1\activation-1.1.1.jar;C:\Users\Jarek\.m2\repository\com\sun\xml\bind\jaxb-impl\2.1.3\jaxb-impl-2.1.3.jar;C:\Users\Jarek\.m2\repository\org\richfaces\ui\richfaces-components-ui\4.0.0.20101004-M3\richfaces-components-ui-4.0.0.20101004-M3.jar;C:\Users\Jarek\.m2\repository\org\richfaces\ui\richfaces-components-api\4.0.0.20101004-M3\richfaces-components-api-4.0.0.20101004-M3.jar;C:\Users\Jarek\.m2\repository\org\richfaces\core\richfaces-core-api\4.0.0.20101004-M3\richfaces-core-api-4.0.0.20101004-M3.jar;C:\Users\Jarek\.m2\repository\com\google\guava\guava\r05\guava-r05.jar;C:\Users\Jarek\.m2\repository\org\richfaces\core\richfaces-core-impl\4.0.0.20101004-M3\richfaces-core-impl-4.0.0.20101004-M3.jar;C:\Users\Jarek\.m2\repository\net\sourceforge\cssparser\cssparser\0.9.5\cssparser-0.9.5.jar;C:\Users\Jarek\.m2\repository\org\w3c\css\sac\1.3\sac-1.3.jar;C:\Users\Jarek\.m2\repository\javax\servlet\servlet-api\2.5\servlet-api-2.5.jar;C:\Users\Jarek\.m2\repository\mysql\mysql-connector-java\5.1.13\mysql-connector-java-5.1.13.jar;C:\Users\Jarek\.m2\repository\javax\mail\mail\1.4.1\mail-1.4.1.jar;C:\Users\Jarek\.m2\repository\org\primefaces\primefaces\2.2.RC2\primefaces-2.2.RC2.jar;C:\Users\Jarek\.m2\repository\org\apache\maven\plugins\maven-surefire-plugin\2.7\maven-surefire-plugin-2.7.jar;C:\Users\Jarek\.m2\repository\org\apache\maven\maven-plugin-api\2.0.9\maven-plugin-api-2.0.9.jar;C:\Users\Jarek\.m2\repository\org\apache\maven\surefire\surefire-booter\2.7\surefire-booter-2.7.jar;C:\Users\Jarek\.m2\repository\org\apache\maven\surefire\surefire-api\2.7\surefire-api-2.7.jar;C:\Users\Jarek\.m2\repository\org\apache\maven\surefire\maven-surefire-common\2.7\maven-surefire-common-2.7.jar;C:\Users\Jarek\.m2\repository\org\codehaus\plexus\plexus-utils\2.0.5\plexus-utils-2.0.5.jar;C:\Users\Jarek\.m2\repository\org\apache\maven\maven-artifact\2.0.9\maven-artifact-2.0.9.jar;C:\Users\Jarek\.m2\repository\org\apache\maven\maven-project\2.0.9\maven-project-2.0.9.jar;C:\Users\Jarek\.m2\repository\org\apache\maven\maven-settings\2.0.9\maven-settings-2.0.9.jar;C:\Users\Jarek\.m2\repository\org\apache\maven\maven-model\2.0.9\maven-model-2.0.9.jar;C:\Users\Jarek\.m2\repository\org\codehaus\plexus\plexus-container-default\1.0-alpha-9-stable-1\plexus-container-default-1.0-alpha-9-stable-1.jar;C:\Users\Jarek\.m2\repository\classworlds\classworlds\1.1\classworlds-1.1.jar;C:\Users\Jarek\.m2\repository\org\apache\maven\maven-profile\2.0.9\maven-profile-2.0.9.jar;C:\Users\Jarek\.m2\repository\org\apache\maven\maven-artifact-manager\2.0.9\maven-artifact-manager-2.0.9.jar;C:\Users\Jarek\.m2\repository\org\apache\maven\maven-repository-metadata\2.0.9\maven-repository-metadata-2.0.9.jar;C:\Users\Jarek\.m2\repository\org\apache\maven\wagon\wagon-provider-api\1.0-beta-2\wagon-provider-api-1.0-beta-2.jar;C:\Users\Jarek\.m2\repository\org\apache\maven\maven-plugin-registry\2.0.9\maven-plugin-registry-2.0.9.jar;C:\Users\Jarek\.m2\repository\org\apache\maven\maven-core\2.0.9\maven-core-2.0.9.jar;C:\Users\Jarek\.m2\repository\org\apache\maven\maven-plugin-parameter-documenter\2.0.9\maven-plugin-parameter-documenter-2.0.9.jar;C:\Users\Jarek\.m2\repository\org\apache\maven\reporting\maven-reporting-api\2.0.9\maven-reporting-api-2.0.9.jar;C:\Users\Jarek\.m2\repository\org\apache\maven\maven-error-diagnostics\2.0.9\maven-error-diagnostics-2.0.9.jar;C:\Users\Jarek\.m2\repository\org\apache\maven\maven-plugin-descriptor\2.0.9\maven-plugin-descriptor-2.0.9.jar;C:\Users\Jarek\.m2\repository\org\apache\maven\maven-monitor\2.0.9\maven-monitor-2.0.9.jar;C:\Users\Jarek\.m2\repository\org\apache\maven\maven-toolchain\2.0.9\maven-toolchain-2.0.9.jar;C:\Users\Jarek\.m2\repository\org\apache\maven\shared\maven-common-artifact-filters\1.3\maven-common-artifact-filters-1.3.jar;"/>
    <property name="java.specification.name" value="Java Platform API Specification"/>
    <property name="java.class.version" value="50.0"/>
    <property name="sun.management.compiler" value="HotSpot 64-Bit Server Compiler"/>
    <property name="os.version" value="6.1"/>
    <property name="user.home" value="C:\Users\Jarek"/>
    <property name="user.timezone" value="Europe/Belgrade"/>
    <property name="java.awt.printerjob" value="sun.awt.windows.WPrinterJob"/>
    <property name="java.specification.version" value="1.6"/>
    <property name="file.encoding" value="Cp1250"/>
    <property name="user.name" value="Jarek"/>
    <property name="java.class.path" value="C:\Users\Jarek\Desktop\Game Area\target\test-classes;C:\Users\Jarek\Desktop\Game Area\target\classes;C:\Users\Jarek\.m2\repository\javax\enterprise\cdi-api\1.0\cdi-api-1.0.jar;C:\Users\Jarek\.m2\repository\org\jboss\interceptor\jboss-interceptor-api\1.1\jboss-interceptor-api-1.1.jar;C:\Users\Jarek\.m2\repository\javax\annotation\jsr250-api\1.0\jsr250-api-1.0.jar;C:\Users\Jarek\.m2\repository\javax\inject\javax.inject\1\javax.inject-1.jar;C:\Users\Jarek\.m2\repository\javax\faces\jsf-api\2.0.0-RC\jsf-api-2.0.0-RC.jar;C:\Users\Jarek\.m2\repository\junit\junit\4.8.2\junit-4.8.2.jar;C:\Users\Jarek\.m2\repository\javax\faces\jsf-impl\2.0.0-RC\jsf-impl-2.0.0-RC.jar;C:\Users\Jarek\.m2\repository\org\jboss\weld\servlet\weld-servlet\1.1.0.Beta1\weld-servlet-1.1.0.Beta1.jar;C:\Users\Jarek\.m2\repository\org\glassfish\web\el-impl\2.1.2-b04\el-impl-2.1.2-b04.jar;C:\Users\Jarek\.m2\repository\javax\validation\validation-api\1.0.0.GA\validation-api-1.0.0.GA.jar;C:\Users\Jarek\.m2\repository\org\hibernate\hibernate-validator\4.0.0.GA\hibernate-validator-4.0.0.GA.jar;C:\Users\Jarek\.m2\repository\org\slf4j\slf4j-api\1.5.9.RC1\slf4j-api-1.5.9.RC1.jar;C:\Users\Jarek\.m2\repository\javax\xml\bind\jaxb-api\2.1\jaxb-api-2.1.jar;C:\Users\Jarek\.m2\repository\javax\xml\stream\stax-api\1.0-2\stax-api-1.0-2.jar;C:\Users\Jarek\.m2\repository\javax\activation\activation\1.1.1\activation-1.1.1.jar;C:\Users\Jarek\.m2\repository\com\sun\xml\bind\jaxb-impl\2.1.3\jaxb-impl-2.1.3.jar;C:\Users\Jarek\.m2\repository\org\richfaces\ui\richfaces-components-ui\4.0.0.20101004-M3\richfaces-components-ui-4.0.0.20101004-M3.jar;C:\Users\Jarek\.m2\repository\org\richfaces\ui\richfaces-components-api\4.0.0.20101004-M3\richfaces-components-api-4.0.0.20101004-M3.jar;C:\Users\Jarek\.m2\repository\org\richfaces\core\richfaces-core-api\4.0.0.20101004-M3\richfaces-core-api-4.0.0.20101004-M3.jar;C:\Users\Jarek\.m2\repository\com\google\guava\guava\r05\guava-r05.jar;C:\Users\Jarek\.m2\repository\org\richfaces\core\richfaces-core-impl\4.0.0.20101004-M3\richfaces-core-impl-4.0.0.20101004-M3.jar;C:\Users\Jarek\.m2\repository\net\sourceforge\cssparser\cssparser\0.9.5\cssparser-0.9.5.jar;C:\Users\Jarek\.m2\repository\org\w3c\css\sac\1.3\sac-1.3.jar;C:\Users\Jarek\.m2\repository\javax\servlet\servlet-api\2.5\servlet-api-2.5.jar;C:\Users\Jarek\.m2\repository\mysql\mysql-connector-java\5.1.13\mysql-connector-java-5.1.13.jar;C:\Users\Jarek\.m2\repository\javax\mail\mail\1.4.1\mail-1.4.1.jar;C:\Users\Jarek\.m2\repository\org\primefaces\primefaces\2.2.RC2\primefaces-2.2.RC2.jar;C:\Users\Jarek\.m2\repository\org\apache\maven\plugins\maven-surefire-plugin\2.7\maven-surefire-plugin-2.7.jar;C:\Users\Jarek\.m2\repository\org\apache\maven\maven-plugin-api\2.0.9\maven-plugin-api-2.0.9.jar;C:\Users\Jarek\.m2\repository\org\apache\maven\surefire\surefire-booter\2.7\surefire-booter-2.7.jar;C:\Users\Jarek\.m2\repository\org\apache\maven\surefire\surefire-api\2.7\surefire-api-2.7.jar;C:\Users\Jarek\.m2\repository\org\apache\maven\surefire\maven-surefire-common\2.7\maven-surefire-common-2.7.jar;C:\Users\Jarek\.m2\repository\org\codehaus\plexus\plexus-utils\2.0.5\plexus-utils-2.0.5.jar;C:\Users\Jarek\.m2\repository\org\apache\maven\maven-artifact\2.0.9\maven-artifact-2.0.9.jar;C:\Users\Jarek\.m2\repository\org\apache\maven\maven-project\2.0.9\maven-project-2.0.9.jar;C:\Users\Jarek\.m2\repository\org\apache\maven\maven-settings\2.0.9\maven-settings-2.0.9.jar;C:\Users\Jarek\.m2\repository\org\apache\maven\maven-model\2.0.9\maven-model-2.0.9.jar;C:\Users\Jarek\.m2\repository\org\codehaus\plexus\plexus-container-default\1.0-alpha-9-stable-1\plexus-container-default-1.0-alpha-9-stable-1.jar;C:\Users\Jarek\.m2\repository\classworlds\classworlds\1.1\classworlds-1.1.jar;C:\Users\Jarek\.m2\repository\org\apache\maven\maven-profile\2.0.9\maven-profile-2.0.9.jar;C:\Users\Jarek\.m2\repository\org\apache\maven\maven-artifact-manager\2.0.9\maven-artifact-manager-2.0.9.jar;C:\Users\Jarek\.m2\repository\org\apache\maven\maven-repository-metadata\2.0.9\maven-repository-metadata-2.0.9.jar;C:\Users\Jarek\.m2\repository\org\apache\maven\wagon\wagon-provider-api\1.0-beta-2\wagon-provider-api-1.0-beta-2.jar;C:\Users\Jarek\.m2\repository\org\apache\maven\maven-plugin-registry\2.0.9\maven-plugin-registry-2.0.9.jar;C:\Users\Jarek\.m2\repository\org\apache\maven\maven-core\2.0.9\maven-core-2.0.9.jar;C:\Users\Jarek\.m2\repository\org\apache\maven\maven-plugin-parameter-documenter\2.0.9\maven-plugin-parameter-documenter-2.0.9.jar;C:\Users\Jarek\.m2\repository\org\apache\maven\reporting\maven-reporting-api\2.0.9\maven-reporting-api-2.0.9.jar;C:\Users\Jarek\.m2\repository\org\apache\maven\maven-error-diagnostics\2.0.9\maven-error-diagnostics-2.0.9.jar;C:\Users\Jarek\.m2\repository\org\apache\maven\maven-plugin-descriptor\2.0.9\maven-plugin-descriptor-2.0.9.jar;C:\Users\Jarek\.m2\repository\org\apache\maven\maven-monitor\2.0.9\maven-monitor-2.0.9.jar;C:\Users\Jarek\.m2\repository\org\apache\maven\maven-toolchain\2.0.9\maven-toolchain-2.0.9.jar;C:\Users\Jarek\.m2\repository\org\apache\maven\shared\maven-common-artifact-filters\1.3\maven-common-artifact-filters-1.3.jar;"/>
    <property name="java.vm.specification.version" value="1.0"/>
    <property name="sun.arch.data.model" value="64"/>
    <property name="java.home" value="C:\Program Files\Java\jdk1.6.0_23\jre"/>
    <property name="java.specification.vendor" value="Sun Microsystems Inc."/>
    <property name="user.language" value="pl"/>
    <property name="awt.toolkit" value="sun.awt.windows.WToolkit"/>
    <property name="java.vm.info" value="mixed mode"/>
    <property name="java.version" value="1.6.0_23"/>
    <property name="java.ext.dirs" value="C:\Program Files\Java\jdk1.6.0_23\jre\lib\ext;C:\Windows\Sun\Java\lib\ext"/>
    <property name="sun.boot.class.path" value="C:\Program Files\Java\jdk1.6.0_23\jre\lib\resources.jar;C:\Program Files\Java\jdk1.6.0_23\jre\lib\rt.jar;C:\Program Files\Java\jdk1.6.0_23\jre\lib\sunrsasign.jar;C:\Program Files\Java\jdk1.6.0_23\jre\lib\jsse.jar;C:\Program Files\Java\jdk1.6.0_23\jre\lib\jce.jar;C:\Program Files\Java\jdk1.6.0_23\jre\lib\charsets.jar;C:\Program Files\Java\jdk1.6.0_23\jre\lib\modules\jdk.boot.jar;C:\Program Files\Java\jdk1.6.0_23\jre\classes"/>
    <property name="java.vendor" value="Sun Microsystems Inc."/>
    <property name="localRepository" value="C:\Users\Jarek\.m2\repository"/>
    <property name="file.separator" value="\"/>
    <property name="java.vendor.url.bug" value="http://java.sun.com/cgi-bin/bugreport.cgi"/>
    <property name="sun.cpu.endian" value="little"/>
    <property name="sun.io.unicode.encoding" value="UnicodeLittle"/>
    <property name="sun.desktop" value="windows"/>
    <property name="sun.cpu.isalist" value="amd64"/>
  </properties>
  <testcase time="0.012" classname="gryczko.jaroslaw.tests.TestMysqlTest" name="connectionTest"/>
</testsuite>